<?xml version="1.0" encoding="UTF-8"?>
<testng-results skipped="0" failed="0" ignored="0" total="1" passed="1">
  <reporter-output>
  </reporter-output>
  <suite name="Default suite" duration-ms="34161" started-at="2017-10-07T20:40:40Z" finished-at="2017-10-07T20:41:14Z">
    <groups>
    </groups>
    <test name="Default test" duration-ms="34161" started-at="2017-10-07T20:40:40Z" finished-at="2017-10-07T20:41:14Z">
      <class name="com.dataProvider.TestNgExample">
        <test-method status="PASS" signature="BeforeTest()[pri:0, instance:com.dataProvider.TestNgExample@59fa1d9b]" name="BeforeTest" duration-ms="34136" started-at="2017-10-08T02:10:40Z" finished-at="2017-10-08T02:11:14Z">
          <reporter-output>
          </reporter-output>
        </test-method> <!-- BeforeTest -->
      </class> <!-- com.dataProvider.TestNgExample -->
    </test> <!-- Default test -->
  </suite> <!-- Default suite -->
</testng-results>
