<?xml version="1.0" encoding="UTF-8"?>
<!-- Generated by org.testng.reporters.JUnitXMLReporter -->
<testsuite hostname="LCH-16-Prashant" ignored="2" name="Group Test" tests="2" failures="0" timestamp="07 Oct 2017 17:56:32 GMT" time="0.076" errors="0">
  <testcase name="afterClass" time="0.024" classname="example_test.TestNgExample"/>
  <testcase name="MyFirstTest" time="0.006" classname="example_test.TestNgExample"/>
  <testcase name="MyThirdTest" time="0.0" classname="example_test.TestNgExample">
    <ignored/>
  </testcase> <!-- MyThirdTest -->
  <testcase name="MySecondTest" time="0.0" classname="example_test.TestNgExample">
    <ignored/>
  </testcase> <!-- MySecondTest -->
</testsuite> <!-- Group Test -->
