<?xml version="1.0" encoding="UTF-8"?>
<!-- Generated by org.testng.reporters.JUnitXMLReporter -->
<testsuite hostname="LCH-16-Prashant" ignored="1" name="Default test" tests="6" failures="0" timestamp="07 Oct 2017 14:32:59 GMT" time="0.153" errors="0">
  <testcase name="MyFifthTest" time="0.07" classname="example_test.DependencyAnnotation"/>
  <testcase name="MyThirdTest" time="0.006" classname="example_test.DependencyAnnotation"/>
  <testcase name="MyFirstTest" time="0.003" classname="example_test.DependencyAnnotation"/>
  <testcase name="MySixthTest" time="0.003" classname="example_test.DependencyAnnotation"/>
  <testcase name="MySecondTest" time="0.004" classname="example_test.DependencyAnnotation"/>
  <testcase name="MySeventhTest" time="0.003" classname="example_test.DependencyAnnotation"/>
  <testcase name="MyFourthTest" time="0.0" classname="example_test.DependencyAnnotation">
    <ignored/>
  </testcase> <!-- MyFourthTest -->
</testsuite> <!-- Default test -->
