<?xml version="1.0" encoding="UTF-8"?>
<!-- Generated by org.testng.reporters.JUnitXMLReporter -->
<testsuite hostname="LCH-16-Prashant" ignored="1" name="Smock Test Cases" tests="9" failures="0" timestamp="07 Oct 2017 16:50:52 GMT" time="0.132" errors="0">
  <testcase name="MyFifthTest" time="0.025" classname="example_test.DependencyAnnotation"/>
  <testcase name="MyThirdTest" time="0.003" classname="example_test.DependencyAnnotation"/>
  <testcase name="MyFirstTest" time="0.003" classname="example_test.DependencyAnnotation"/>
  <testcase name="MySecondTest" time="0.004" classname="example_test.DependencyAnnotation"/>
  <testcase name="MyFirstTest" time="0.003" classname="example_test.TestNgExample"/>
  <testcase name="MySecondTest" time="0.004" classname="example_test.TestNgExample"/>
  <testcase name="MyThirdTest" time="0.002" classname="example_test.TestNgExample"/>
  <testcase name="MySixthTest" time="0.006" classname="example_test.DependencyAnnotation"/>
  <testcase name="MySeventhTest" time="0.001" classname="example_test.DependencyAnnotation"/>
  <testcase name="MyFourthTest" time="0.0" classname="example_test.DependencyAnnotation">
    <ignored/>
  </testcase> <!-- MyFourthTest -->
</testsuite> <!-- Smock Test Cases -->
